#
# A fatal error has been detected by the Java Runtime Environment:
#
#  SIGSEGV (0xb) at pc=0x000000010746617c, pid=30082, tid=17411
#
# JRE version: Java(TM) SE Runtime Environment (8.0_31-b13) (build 1.8.0_31-b13)
# Java VM: Java HotSpot(TM) 64-Bit Server VM (25.31-b07 mixed mode bsd-amd64 compressed oops)
# Problematic frame:
# V  [libjvm.dylib+0x42317c]
#
# Failed to write core dump. Core dumps have been disabled. To enable core dumping, try "ulimit -c unlimited" before starting Java again
#
# If you would like to submit a bug report, please visit:
#   http://bugreport.java.com/bugreport/crash.jsp
#

---------------  T H R E A D  ---------------

Current thread (0x00007fe33c033000):  JavaThread "JDWP Transport Listener: dt_socket" daemon [_thread_in_vm, id=17411, stack(0x0000700000bbe000,0x0000700000cbe000)]

siginfo: si_signo: 11 (SIGSEGV), si_code: 0 (unknown), si_addr: 0x0000000000000000

Registers:
RAX=0x0000000000000001, RBX=0x0000700000cbda8b, RCX=0x000000010781ac70, RDX=0x0000700000cbda8b
RSP=0x0000700000cbd9d0, RBP=0x0000700000cbd9e0, RSI=0x00007fe33c033000, RDI=0x736c697455726574
R8 =0x0000000000000000, R9 =0x00007fe33ae28e00, R10=0x0000000005c007ad, R11=0x00007fe33ae00000
R12=0x00007fe33c033000, R13=0x736c697455726574, R14=0x736c697455726574, R15=0x00007fe33ae026d0
RIP=0x000000010746617c, EFLAGS=0x0000000000010206, ERR=0x0000000000000000
  TRAPNO=0x000000000000000d

Top of Stack: (sp=0x0000700000cbd9d0)
0x0000700000cbd9d0:   0000700000cbda8b 0000700000cbda8b
0x0000700000cbd9e0:   0000700000cbda40 000000010737819e
0x0000700000cbd9f0:   00007fe33c033000 0000000000000000
0x0000700000cbda00:   0000000000000000 0000000000000000
0x0000700000cbda10:   00007fe33c033000 00007fe33c033000
0x0000700000cbda20:   0000700000cbda8b 0000700000cbda90
0x0000700000cbda30:   736c697455726574 0000000000000004
0x0000700000cbda40:   0000700000cbda60 0000000107fc97dc
0x0000700000cbda50:   0000000000000001 0000700000cbdb08
0x0000700000cbda60:   0000700000cbdad0 0000000107fae263
0x0000700000cbda70:   0000700000cbdaa0 00007fe33ae289f0
0x0000700000cbda80:   0000000500000032 0000000900cbdb08
0x0000700000cbda90:   0000000000000000 0000000000000000
0x0000700000cbdaa0:   0000000000000000 0000700000cbdc90
0x0000700000cbdab0:   0000000107fd0eca 00007fe33ae289b0
0x0000700000cbdac0:   0000700000cbdb08 0000000107fdc588
0x0000700000cbdad0:   0000700000cbdae0 0000000107fae35c
0x0000700000cbdae0:   0000700000cbdd00 0000000107fb78f6
0x0000700000cbdaf0:   0000b04400000013 00000000000f0200
0x0000700000cbdb00:   00007fe33ae28990 00007fe33ae290bc
0x0000700000cbdb10:   00007fe3000000ec 00007fe33ae28e10
0x0000700000cbdb20:   00007fe30000012c 0000700000cbdb58
0x0000700000cbdb30:   00007fe33ae28e10 0000000000000000
0x0000700000cbdb40:   0000b04400000030 0000000000000080
0x0000700000cbdb50:   0000700000cbdb58 e37f000005000000
0x0000700000cbdb60:   100000004884c23a 746174756d726570
0x0000700000cbdb70:   6c706d49736e6f69 616a4c2834000000
0x0000700000cbdb80:   2f6c6974752f6176 616a4c3b7473694c
0x0000700000cbdb90:   2f6c6974752f6176 6a4c493b7473694c
0x0000700000cbdba0:   6c6974752f617661 56293b7473694c2f
0x0000700000cbdbb0:   616a4c2894000000 2f6c6974752f6176
0x0000700000cbdbc0:   616a4c3c7473694c 2f6c6974752f6176 

Instructions: (pc=0x000000010746617c)
0x000000010746615c:   40 48 48 85 c0 75 e0 30 c0 0f b6 c0 5d c3 31 c0
0x000000010746616c:   5d c3 55 48 89 e5 53 48 83 ec 08 48 85 ff 74 24
0x000000010746617c:   48 8b 1f 48 85 db 74 1c 48 83 fb 37 74 16 48 8b
0x000000010746618c:   03 48 89 df ff 50 10 84 c0 b8 00 00 00 00 48 0f 

Register to memory mapping:

RAX=0x0000000000000001 is an unknown value
RBX=0x0000700000cbda8b is pointing into the stack for thread: 0x00007fe33c033000
RCX=0x000000010781ac70: UseMembar+0 in /Library/Java/JavaVirtualMachines/jdk1.8.0_31.jdk/Contents/Home/jre/lib/server/libjvm.dylib at 0x0000000107043000
RDX=0x0000700000cbda8b is pointing into the stack for thread: 0x00007fe33c033000
RSP=0x0000700000cbd9d0 is pointing into the stack for thread: 0x00007fe33c033000
RBP=0x0000700000cbd9e0 is pointing into the stack for thread: 0x00007fe33c033000
RSI=0x00007fe33c033000 is a thread
RDI=0x736c697455726574 is an unknown value
R8 =0x0000000000000000 is an unknown value
R9 =0x00007fe33ae28e00 is an unknown value
R10=0x0000000005c007ad is an unknown value
R11=0x00007fe33ae00000 is an unknown value
R12=0x00007fe33c033000 is a thread
R13=0x736c697455726574 is an unknown value
R14=0x736c697455726574 is an unknown value
R15=0x00007fe33ae026d0 is an unknown value


Stack: [0x0000700000bbe000,0x0000700000cbe000],  sp=0x0000700000cbd9d0,  free space=1022k
Native frames: (J=compiled Java code, j=interpreted, Vv=VM code, C=native code)
V  [libjvm.dylib+0x42317c]
V  [libjvm.dylib+0x33519e]
C  [libjdwp.dylib+0x207dc]  isMethodSynthetic+0x63
C  [libjdwp.dylib+0x5263]  methods1+0x10b
C  [libjdwp.dylib+0x535c]  methodsWithGeneric+0xe
C  [libjdwp.dylib+0xe8f6]  debugLoop_run+0x1ce
C  [libjdwp.dylib+0x1f716]  attachThread+0x4d
V  [libjvm.dylib+0x3761fe]
V  [libjvm.dylib+0x5360cf]
V  [libjvm.dylib+0x53780c]
V  [libjvm.dylib+0x45d772]
C  [libsystem_pthread.dylib+0x399d]  _pthread_body+0x83
C  [libsystem_pthread.dylib+0x391a]  _pthread_body+0x0
C  [libsystem_pthread.dylib+0x1351]  thread_start+0xd
C  0x0000000000000000


---------------  P R O C E S S  ---------------

Java Threads: ( => current thread )
  0x00007fe33c035000 JavaThread "Service Thread" daemon [_thread_blocked, id=20483, stack(0x00007000011d0000,0x00007000012d0000)]
  0x00007fe33c034800 JavaThread "C1 CompilerThread2" daemon [_thread_blocked, id=19971, stack(0x00007000010cd000,0x00007000011cd000)]
  0x00007fe33c033800 JavaThread "C2 CompilerThread1" daemon [_thread_blocked, id=19459, stack(0x0000700000fca000,0x00007000010ca000)]
  0x00007fe33b05e800 JavaThread "C2 CompilerThread0" daemon [_thread_blocked, id=18947, stack(0x0000700000ec7000,0x0000700000fc7000)]
  0x00007fe33c829800 JavaThread "JDWP Command Reader" daemon [_thread_in_native, id=18435, stack(0x0000700000dc4000,0x0000700000ec4000)]
  0x00007fe33c820000 JavaThread "JDWP Event Helper Thread" daemon [_thread_blocked, id=17923, stack(0x0000700000cc1000,0x0000700000dc1000)]
=>0x00007fe33c033000 JavaThread "JDWP Transport Listener: dt_socket" daemon [_thread_in_vm, id=17411, stack(0x0000700000bbe000,0x0000700000cbe000)]
  0x00007fe33c001000 JavaThread "Signal Dispatcher" daemon [_thread_blocked, id=12815, stack(0x0000700000abb000,0x0000700000bbb000)]
  0x00007fe33b80a800 JavaThread "Finalizer" daemon [_thread_blocked, id=12291, stack(0x000070000082f000,0x000070000092f000)]
  0x00007fe33b80a000 JavaThread "Reference Handler" daemon [_thread_blocked, id=11779, stack(0x000070000072c000,0x000070000082c000)]
  0x00007fe33c019800 JavaThread "main" [_thread_blocked, id=4099, stack(0x0000700000084000,0x0000700000184000)]

Other Threads:
  0x00007fe33c022800 VMThread [stack: 0x0000700000629000,0x0000700000729000] [id=11267]
  0x00007fe33c036000 WatcherThread [stack: 0x00007000012d3000,0x00007000013d3000] [id=20995]

VM state:not at safepoint (normal execution)

VM Mutex/Monitor currently owned by a thread: None

Heap:
 PSYoungGen      total 76288K, used 7866K [0x000000076ab00000, 0x0000000770000000, 0x00000007c0000000)
  eden space 65536K, 12% used [0x000000076ab00000,0x000000076b2aebd0,0x000000076eb00000)
  from space 10752K, 0% used [0x000000076f580000,0x000000076f580000,0x0000000770000000)
  to   space 10752K, 0% used [0x000000076eb00000,0x000000076eb00000,0x000000076f580000)
 ParOldGen       total 175104K, used 0K [0x00000006c0000000, 0x00000006cab00000, 0x000000076ab00000)
  object space 175104K, 0% used [0x00000006c0000000,0x00000006c0000000,0x00000006cab00000)
 Metaspace       used 3112K, capacity 4664K, committed 4864K, reserved 1056768K
  class space    used 332K, capacity 424K, committed 512K, reserved 1048576K

Card table byte_map: [0x0000000117bd1000,0x00000001183d2000] byte_map_base: 0x00000001145d1000

Marking Bits: (ParMarkBitMap*) 0x00000001078e1410
 Begin Bits: [0x0000000118928000, 0x000000011c928000)
 End Bits:   [0x000000011c928000, 0x0000000120928000)

Polling page: 0x0000000107fa4000

CodeCache: size=245760Kb used=1369Kb max_used=1381Kb free=244390Kb
 bounds [0x0000000108811000, 0x0000000108a81000, 0x0000000117811000]
 total_blobs=370 nmethods=142 adapters=151
 compilation: enabled

Compilation events (10 events):
Event: 0.481 Thread 0x00007fe33c034800 nmethod 137 0x0000000108965810 code [0x0000000108965960, 0x0000000108965ab0]
Event: 0.481 Thread 0x00007fe33c034800  138       3       sun.misc.MetaIndex::mayContain (51 bytes)
Event: 0.482 Thread 0x00007fe33c034800 nmethod 138 0x0000000108965b10 code [0x0000000108965cc0, 0x0000000108966358]
Event: 0.482 Thread 0x00007fe33c034800  139       3       java.nio.Buffer::checkIndex (22 bytes)
Event: 0.482 Thread 0x00007fe33c034800 nmethod 139 0x0000000108966610 code [0x00000001089667a0, 0x0000000108966a08]
Event: 0.482 Thread 0x00007fe33c034800  140       3       java.nio.DirectLongBufferU::ix (10 bytes)
Event: 0.482 Thread 0x00007fe33c034800 nmethod 140 0x0000000108966e90 code [0x0000000108966fe0, 0x0000000108967130]
Event: 0.482 Thread 0x00007fe33c034800  141       3       java.util.concurrent.ConcurrentHashMap::setTabAt (19 bytes)
Event: 0.483 Thread 0x00007fe33c034800 nmethod 141 0x0000000108967190 code [0x00000001089672e0, 0x0000000108967450]
Event: 0.484 Thread 0x00007fe33b05e800 nmethod 130 0x000000010896a5d0 code [0x000000010896a740, 0x000000010896ac38]

GC Heap History (0 events):
No events

Deoptimization events (0 events):
No events

Internal exceptions (10 events):
Event: 0.467 Thread 0x00007fe33c019800 Exception <a 'java/security/PrivilegedActionException'> (0x000000076b106058) thrown at [/Users/java_re/workspace/8-2-build-macosx-x86_64/jdk8u31/2394/hotspot/src/share/vm/prims/jvm.cpp, line 1312]
Event: 0.471 Thread 0x00007fe33c019800 Exception <a 'java/security/PrivilegedActionException'> (0x000000076b110ea0) thrown at [/Users/java_re/workspace/8-2-build-macosx-x86_64/jdk8u31/2394/hotspot/src/share/vm/prims/jvm.cpp, line 1312]
Event: 0.473 Thread 0x00007fe33c019800 Exception <a 'java/security/PrivilegedActionException'> (0x000000076b11a260) thrown at [/Users/java_re/workspace/8-2-build-macosx-x86_64/jdk8u31/2394/hotspot/src/share/vm/prims/jvm.cpp, line 1312]
Event: 0.475 Thread 0x00007fe33c019800 Exception <a 'java/security/PrivilegedActionException'> (0x000000076b1319c0) thrown at [/Users/java_re/workspace/8-2-build-macosx-x86_64/jdk8u31/2394/hotspot/src/share/vm/prims/jvm.cpp, line 1312]
Event: 0.475 Thread 0x00007fe33c019800 Exception <a 'java/security/PrivilegedActionException'> (0x000000076b138918) thrown at [/Users/java_re/workspace/8-2-build-macosx-x86_64/jdk8u31/2394/hotspot/src/share/vm/prims/jvm.cpp, line 1312]
Event: 0.476 Thread 0x00007fe33c019800 Exception <a 'java/security/PrivilegedActionException'> (0x000000076b146538) thrown at [/Users/java_re/workspace/8-2-build-macosx-x86_64/jdk8u31/2394/hotspot/src/share/vm/prims/jvm.cpp, line 1312]
Event: 0.479 Thread 0x00007fe33c019800 Exception <a 'java/security/PrivilegedActionException'> (0x000000076b14db10) thrown at [/Users/java_re/workspace/8-2-build-macosx-x86_64/jdk8u31/2394/hotspot/src/share/vm/prims/jvm.cpp, line 1312]
Event: 0.480 Thread 0x00007fe33c019800 Exception <a 'java/security/PrivilegedActionException'> (0x000000076b158cd8) thrown at [/Users/java_re/workspace/8-2-build-macosx-x86_64/jdk8u31/2394/hotspot/src/share/vm/prims/jvm.cpp, line 1312]
Event: 0.481 Thread 0x00007fe33c019800 Exception <a 'java/security/PrivilegedActionException'> (0x000000076b160240) thrown at [/Users/java_re/workspace/8-2-build-macosx-x86_64/jdk8u31/2394/hotspot/src/share/vm/prims/jvm.cpp, line 1312]
Event: 0.482 Thread 0x00007fe33c019800 Exception <a 'java/security/PrivilegedActionException'> (0x000000076b168ef8) thrown at [/Users/java_re/workspace/8-2-build-macosx-x86_64/jdk8u31/2394/hotspot/src/share/vm/prims/jvm.cpp, line 1312]

Events (10 events):
Event: 46.687 Executing VM operation: ForceSafepoint
Event: 46.687 Executing VM operation: ForceSafepoint done
Event: 188.988 Executing VM operation: ChangeBreakpoints
Event: 188.988 Executing VM operation: ChangeBreakpoints done
Event: 227.993 Executing VM operation: ChangeBreakpoints
Event: 227.993 Executing VM operation: ChangeBreakpoints done
Event: 256.482 Executing VM operation: ChangeBreakpoints
Event: 256.482 Executing VM operation: ChangeBreakpoints done
Event: 712.527 Executing VM operation: RedefineClasses
Event: 712.528 Executing VM operation: RedefineClasses done


Dynamic libraries:
0x00000000026d2000 	/System/Library/Frameworks/Cocoa.framework/Versions/A/Cocoa
0x00000000026d2000 	/System/Library/Frameworks/Security.framework/Versions/A/Security
0x00000000026d2000 	/System/Library/Frameworks/ApplicationServices.framework/Versions/A/ApplicationServices
0x00000000026d2000 	/usr/lib/libz.1.dylib
0x00000000026d2000 	/usr/lib/libSystem.B.dylib
0x00000000026d2000 	/usr/lib/libobjc.A.dylib
0x00000000026d2000 	/System/Library/Frameworks/CoreFoundation.framework/Versions/A/CoreFoundation
0x00000000026d2000 	/System/Library/Frameworks/Foundation.framework/Versions/C/Foundation
0x00000000026d2000 	/System/Library/Frameworks/AppKit.framework/Versions/C/AppKit
0x00000000026d2000 	/System/Library/Frameworks/CoreData.framework/Versions/A/CoreData
0x00000000026d2000 	/System/Library/PrivateFrameworks/RemoteViewServices.framework/Versions/A/RemoteViewServices
0x00000000026d2000 	/System/Library/PrivateFrameworks/UIFoundation.framework/Versions/A/UIFoundation
0x00000000026d2000 	/usr/lib/libScreenReader.dylib
0x00000000026d2000 	/System/Library/Frameworks/Accelerate.framework/Versions/A/Accelerate
0x00000000026d2000 	/System/Library/Frameworks/IOSurface.framework/Versions/A/IOSurface
0x00000000026d2000 	/System/Library/Frameworks/AudioToolbox.framework/Versions/A/AudioToolbox
0x00000000026d2000 	/System/Library/Frameworks/AudioUnit.framework/Versions/A/AudioUnit
0x00000000026d2000 	/System/Library/PrivateFrameworks/DataDetectorsCore.framework/Versions/A/DataDetectorsCore
0x00000000026d2000 	/System/Library/PrivateFrameworks/DesktopServicesPriv.framework/Versions/A/DesktopServicesPriv
0x00000000026d2000 	/System/Library/Frameworks/Carbon.framework/Versions/A/Frameworks/HIToolbox.framework/Versions/A/HIToolbox
0x00000000026d2000 	/System/Library/Frameworks/QuartzCore.framework/Versions/A/QuartzCore
0x00000000026d2000 	/System/Library/Frameworks/Carbon.framework/Versions/A/Frameworks/SpeechRecognition.framework/Versions/A/SpeechRecognition
0x00000000026d2000 	/usr/lib/libauto.dylib
0x00000000026d2000 	/usr/lib/libicucore.A.dylib
0x00000000026d2000 	/usr/lib/libxml2.2.dylib
0x00000000026d2000 	/System/Library/PrivateFrameworks/CoreUI.framework/Versions/A/CoreUI
0x00000000026d2000 	/System/Library/Frameworks/CoreAudio.framework/Versions/A/CoreAudio
0x00000000026d2000 	/System/Library/Frameworks/DiskArbitration.framework/Versions/A/DiskArbitration
0x00000000026d2000 	/usr/lib/liblangid.dylib
0x00000000026d2000 	/System/Library/PrivateFrameworks/MultitouchSupport.framework/Versions/A/MultitouchSupport
0x00000000026d2000 	/System/Library/Frameworks/IOKit.framework/Versions/A/IOKit
0x00000000026d2000 	/usr/lib/libDiagnosticMessagesClient.dylib
0x00000000026d2000 	/System/Library/Frameworks/CoreServices.framework/Versions/A/CoreServices
0x00000000026d2000 	/System/Library/PrivateFrameworks/PerformanceAnalysis.framework/Versions/A/PerformanceAnalysis
0x00000000026d2000 	/System/Library/PrivateFrameworks/GenerationalStorage.framework/Versions/A/GenerationalStorage
0x00000000026d2000 	/System/Library/Frameworks/OpenGL.framework/Versions/A/OpenGL
0x00000000026d2000 	/System/Library/PrivateFrameworks/Sharing.framework/Versions/A/Sharing
0x00000000026d2000 	/System/Library/Frameworks/CoreGraphics.framework/Versions/A/CoreGraphics
0x00000000026d2000 	/System/Library/Frameworks/CoreImage.framework/Versions/A/CoreImage
0x00000000026d2000 	/System/Library/Frameworks/CoreText.framework/Versions/A/CoreText
0x00000000026d2000 	/System/Library/Frameworks/ImageIO.framework/Versions/A/ImageIO
0x00000000026d2000 	/System/Library/PrivateFrameworks/Backup.framework/Versions/A/Backup
0x00000000026d2000 	/usr/lib/libextension.dylib
0x00000000026d2000 	/usr/lib/libarchive.2.dylib
0x00000000026d2000 	/System/Library/Frameworks/CFNetwork.framework/Versions/A/CFNetwork
0x00000000026d2000 	/System/Library/Frameworks/SystemConfiguration.framework/Versions/A/SystemConfiguration
0x00000000026d2000 	/usr/lib/libCRFSuite.dylib
0x00000000026d2000 	/usr/lib/libc++.1.dylib
0x00000000026d2000 	/usr/lib/libc++abi.dylib
0x00000000026d2000 	/usr/lib/system/libcache.dylib
0x00000000026d2000 	/usr/lib/system/libcommonCrypto.dylib
0x00000000026d2000 	/usr/lib/system/libcompiler_rt.dylib
0x00000000026d2000 	/usr/lib/system/libcopyfile.dylib
0x00000000026d2000 	/usr/lib/system/libcorecrypto.dylib
0x00000000026d2000 	/usr/lib/system/libdispatch.dylib
0x00000000026d2000 	/usr/lib/system/libdyld.dylib
0x00000000026d2000 	/usr/lib/system/libkeymgr.dylib
0x00000000026d2000 	/usr/lib/system/liblaunch.dylib
0x00000000026d2000 	/usr/lib/system/libmacho.dylib
0x00000000026d2000 	/usr/lib/system/libquarantine.dylib
0x00000000026d2000 	/usr/lib/system/libremovefile.dylib
0x00000000026d2000 	/usr/lib/system/libsystem_asl.dylib
0x00000000026d2000 	/usr/lib/system/libsystem_blocks.dylib
0x00000000026d2000 	/usr/lib/system/libsystem_c.dylib
0x00000000026d2000 	/usr/lib/system/libsystem_configuration.dylib
0x00000000026d2000 	/usr/lib/system/libsystem_coreservices.dylib
0x00000000026d2000 	/usr/lib/system/libsystem_coretls.dylib
0x00000000026d2000 	/usr/lib/system/libsystem_dnssd.dylib
0x00000000026d2000 	/usr/lib/system/libsystem_info.dylib
0x00000000026d2000 	/usr/lib/system/libsystem_kernel.dylib
0x00000000026d2000 	/usr/lib/system/libsystem_m.dylib
0x00000000026d2000 	/usr/lib/system/libsystem_malloc.dylib
0x00000000026d2000 	/usr/lib/system/libsystem_network.dylib
0x00000000026d2000 	/usr/lib/system/libsystem_networkextension.dylib
0x00000000026d2000 	/usr/lib/system/libsystem_notify.dylib
0x00000000026d2000 	/usr/lib/system/libsystem_platform.dylib
0x00000000026d2000 	/usr/lib/system/libsystem_pthread.dylib
0x00000000026d2000 	/usr/lib/system/libsystem_sandbox.dylib
0x00000000026d2000 	/usr/lib/system/libsystem_secinit.dylib
0x00000000026d2000 	/usr/lib/system/libsystem_trace.dylib
0x00000000026d2000 	/usr/lib/system/libunc.dylib
0x00000000026d2000 	/usr/lib/system/libunwind.dylib
0x00000000026d2000 	/usr/lib/system/libxpc.dylib
0x00000000026d2000 	/usr/lib/libenergytrace.dylib
0x00000000026d2000 	/usr/lib/libbsm.0.dylib
0x00000000026d2000 	/usr/lib/system/libkxld.dylib
0x00000000026d2000 	/usr/lib/libxar.1.dylib
0x00000000026d2000 	/usr/lib/libsqlite3.dylib
0x00000000026d2000 	/usr/lib/libpam.2.dylib
0x00000000026d2000 	/usr/lib/libOpenScriptingUtil.dylib
0x00000000026d2000 	/usr/lib/libbz2.1.0.dylib
0x00000000026d2000 	/usr/lib/liblzma.5.dylib
0x00000000026d2000 	/System/Library/Frameworks/CoreServices.framework/Versions/A/Frameworks/FSEvents.framework/Versions/A/FSEvents
0x00000000026d2000 	/System/Library/Frameworks/CoreServices.framework/Versions/A/Frameworks/CarbonCore.framework/Versions/A/CarbonCore
0x00000000026d2000 	/System/Library/Frameworks/CoreServices.framework/Versions/A/Frameworks/Metadata.framework/Versions/A/Metadata
0x00000000026d2000 	/System/Library/Frameworks/CoreServices.framework/Versions/A/Frameworks/OSServices.framework/Versions/A/OSServices
0x00000000026d2000 	/System/Library/Frameworks/CoreServices.framework/Versions/A/Frameworks/SearchKit.framework/Versions/A/SearchKit
0x00000000026d2000 	/System/Library/Frameworks/CoreServices.framework/Versions/A/Frameworks/AE.framework/Versions/A/AE
0x00000000026d2000 	/System/Library/Frameworks/CoreServices.framework/Versions/A/Frameworks/LaunchServices.framework/Versions/A/LaunchServices
0x00000000026d2000 	/System/Library/Frameworks/CoreServices.framework/Versions/A/Frameworks/DictionaryServices.framework/Versions/A/DictionaryServices
0x00000000026d2000 	/System/Library/Frameworks/CoreServices.framework/Versions/A/Frameworks/SharedFileList.framework/Versions/A/SharedFileList
0x00000000026d2000 	/System/Library/Frameworks/NetFS.framework/Versions/A/NetFS
0x00000000026d2000 	/System/Library/PrivateFrameworks/NetAuth.framework/Versions/A/NetAuth
0x00000000026d2000 	/System/Library/PrivateFrameworks/login.framework/Versions/A/Frameworks/loginsupport.framework/Versions/A/loginsupport
0x00000000026d2000 	/System/Library/PrivateFrameworks/TCC.framework/Versions/A/TCC
0x00000000026d2000 	/usr/lib/libmecabra.dylib
0x00000000026d2000 	/System/Library/Frameworks/ApplicationServices.framework/Versions/A/Frameworks/ATS.framework/Versions/A/ATS
0x00000000026d2000 	/System/Library/Frameworks/ApplicationServices.framework/Versions/A/Frameworks/ColorSync.framework/Versions/A/ColorSync
0x00000000026d2000 	/System/Library/Frameworks/ApplicationServices.framework/Versions/A/Frameworks/HIServices.framework/Versions/A/HIServices
0x00000000026d2000 	/System/Library/Frameworks/ApplicationServices.framework/Versions/A/Frameworks/LangAnalysis.framework/Versions/A/LangAnalysis
0x00000000026d2000 	/System/Library/Frameworks/ApplicationServices.framework/Versions/A/Frameworks/PrintCore.framework/Versions/A/PrintCore
0x00000000026d2000 	/System/Library/Frameworks/ApplicationServices.framework/Versions/A/Frameworks/QD.framework/Versions/A/QD
0x00000000026d2000 	/System/Library/Frameworks/ApplicationServices.framework/Versions/A/Frameworks/SpeechSynthesis.framework/Versions/A/SpeechSynthesis
0x00000000026d2000 	/System/Library/Frameworks/Metal.framework/Versions/A/Metal
0x00000000026d2000 	/System/Library/Frameworks/Accelerate.framework/Versions/A/Frameworks/vImage.framework/Versions/A/vImage
0x00000000026d2000 	/System/Library/Frameworks/Accelerate.framework/Versions/A/Frameworks/vecLib.framework/Versions/A/vecLib
0x00000000026d2000 	/System/Library/Frameworks/Accelerate.framework/Versions/A/Frameworks/vecLib.framework/Versions/A/libvDSP.dylib
0x00000000026d2000 	/System/Library/Frameworks/Accelerate.framework/Versions/A/Frameworks/vecLib.framework/Versions/A/libvMisc.dylib
0x00000000026d2000 	/System/Library/Frameworks/Accelerate.framework/Versions/A/Frameworks/vecLib.framework/Versions/A/libLAPACK.dylib
0x00000000026d2000 	/System/Library/Frameworks/Accelerate.framework/Versions/A/Frameworks/vecLib.framework/Versions/A/libBLAS.dylib
0x00000000026d2000 	/System/Library/Frameworks/Accelerate.framework/Versions/A/Frameworks/vecLib.framework/Versions/A/libLinearAlgebra.dylib
0x00000000026d2000 	/System/Library/Frameworks/Accelerate.framework/Versions/A/Frameworks/vecLib.framework/Versions/A/libSparseBLAS.dylib
0x00000000026d2000 	/System/Library/PrivateFrameworks/GPUCompiler.framework/libmetal_timestamp.dylib
0x00000000026d2000 	/System/Library/Frameworks/OpenGL.framework/Versions/A/Libraries/libCoreFSCache.dylib
0x00000000026d2000 	/System/Library/PrivateFrameworks/IOAccelerator.framework/Versions/A/IOAccelerator
0x00000000026d2000 	/System/Library/Frameworks/ApplicationServices.framework/Versions/A/Frameworks/ATS.framework/Versions/A/Resources/libFontParser.dylib
0x00000000026d2000 	/System/Library/Frameworks/ApplicationServices.framework/Versions/A/Frameworks/ATS.framework/Versions/A/Resources/libFontRegistry.dylib
0x00000000026d2000 	/System/Library/PrivateFrameworks/AppleVPA.framework/Versions/A/AppleVPA
0x00000000026d2000 	/System/Library/PrivateFrameworks/AppleJPEG.framework/Versions/A/AppleJPEG
0x00000000026d2000 	/System/Library/Frameworks/ImageIO.framework/Versions/A/Resources/libJPEG.dylib
0x00000000026d2000 	/System/Library/Frameworks/ImageIO.framework/Versions/A/Resources/libTIFF.dylib
0x00000000026d2000 	/System/Library/Frameworks/ImageIO.framework/Versions/A/Resources/libPng.dylib
0x00000000026d2000 	/System/Library/Frameworks/ImageIO.framework/Versions/A/Resources/libGIF.dylib
0x00000000026d2000 	/System/Library/Frameworks/ImageIO.framework/Versions/A/Resources/libJP2.dylib
0x00000000026d2000 	/System/Library/Frameworks/ImageIO.framework/Versions/A/Resources/libRadiance.dylib
0x00000000026d2000 	/System/Library/Frameworks/CoreVideo.framework/Versions/A/CoreVideo
0x00000000026d2000 	/System/Library/Frameworks/OpenGL.framework/Versions/A/Libraries/libGLU.dylib
0x00000000026d2000 	/System/Library/Frameworks/OpenGL.framework/Versions/A/Libraries/libGFXShared.dylib
0x00000000026d2000 	/System/Library/Frameworks/OpenGL.framework/Versions/A/Libraries/libGL.dylib
0x00000000026d2000 	/System/Library/Frameworks/OpenGL.framework/Versions/A/Libraries/libGLImage.dylib
0x00000000026d2000 	/System/Library/Frameworks/OpenGL.framework/Versions/A/Libraries/libCVMSPluginSupport.dylib
0x00000000026d2000 	/System/Library/Frameworks/OpenGL.framework/Versions/A/Libraries/libCoreVMClient.dylib
0x00000000026d2000 	/usr/lib/libcups.2.dylib
0x00000000026d2000 	/System/Library/Frameworks/Kerberos.framework/Versions/A/Kerberos
0x00000000026d2000 	/System/Library/Frameworks/GSS.framework/Versions/A/GSS
0x00000000026d2000 	/usr/lib/libresolv.9.dylib
0x00000000026d2000 	/usr/lib/libiconv.2.dylib
0x00000000026d2000 	/System/Library/PrivateFrameworks/Heimdal.framework/Versions/A/Heimdal
0x00000000026d2000 	/usr/lib/libheimdal-asn1.dylib
0x00000000026d2000 	/System/Library/Frameworks/OpenDirectory.framework/Versions/A/OpenDirectory
0x00000000026d2000 	/System/Library/PrivateFrameworks/CommonAuth.framework/Versions/A/CommonAuth
0x00000000026d2000 	/System/Library/Frameworks/OpenDirectory.framework/Versions/A/Frameworks/CFOpenDirectory.framework/Versions/A/CFOpenDirectory
0x00000000026d2000 	/System/Library/Frameworks/SecurityFoundation.framework/Versions/A/SecurityFoundation
0x00000000026d2000 	/System/Library/PrivateFrameworks/LanguageModeling.framework/Versions/A/LanguageModeling
0x00000000026d2000 	/usr/lib/libmarisa.dylib
0x00000000026d2000 	/usr/lib/libChineseTokenizer.dylib
0x00000000026d2000 	/usr/lib/libcmph.dylib
0x00000000026d2000 	/usr/lib/libcompression.dylib
0x00000000026d2000 	/System/Library/Frameworks/ServiceManagement.framework/Versions/A/ServiceManagement
0x00000000026d2000 	/usr/lib/libxslt.1.dylib
0x00000000026d2000 	/System/Library/Frameworks/Carbon.framework/Versions/A/Frameworks/Ink.framework/Versions/A/Ink
0x00000000026d2000 	/usr/lib/libFosl_dynamic.dylib
0x00000000026d2000 	/System/Library/PrivateFrameworks/FaceCore.framework/Versions/A/FaceCore
0x00000000026d2000 	/System/Library/Frameworks/OpenCL.framework/Versions/A/OpenCL
0x00000000026d2000 	/System/Library/PrivateFrameworks/CrashReporterSupport.framework/Versions/A/CrashReporterSupport
0x00000000026d2000 	/System/Library/PrivateFrameworks/IconServices.framework/Versions/A/IconServices
0x00000000026d2000 	/System/Library/PrivateFrameworks/Apple80211.framework/Versions/A/Apple80211
0x00000000026d2000 	/System/Library/Frameworks/CoreWLAN.framework/Versions/A/CoreWLAN
0x00000000026d2000 	/System/Library/Frameworks/IOBluetooth.framework/Versions/A/IOBluetooth
0x00000000026d2000 	/System/Library/PrivateFrameworks/CoreWiFi.framework/Versions/A/CoreWiFi
0x00000000026d2000 	/System/Library/Frameworks/CoreBluetooth.framework/Versions/A/CoreBluetooth
0x00000000026d2000 	/System/Library/PrivateFrameworks/ChunkingLibrary.framework/Versions/A/ChunkingLibrary
0x00000000026d2000 	/System/Library/PrivateFrameworks/DebugSymbols.framework/Versions/A/DebugSymbols
0x00000000026d2000 	/System/Library/PrivateFrameworks/CoreSymbolication.framework/Versions/A/CoreSymbolication
0x00000000026d2000 	/System/Library/PrivateFrameworks/Symbolication.framework/Versions/A/Symbolication
0x00000000026d2000 	/System/Library/PrivateFrameworks/SpeechRecognitionCore.framework/Versions/A/SpeechRecognitionCore
0x0000000107043000 	/Library/Java/JavaVirtualMachines/jdk1.8.0_31.jdk/Contents/Home/jre/lib/server/libjvm.dylib
0x00000000026d2000 	/usr/lib/libstdc++.6.dylib
0x0000000107f62000 	/Library/Java/JavaVirtualMachines/jdk1.8.0_31.jdk/Contents/Home/jre/lib/libverify.dylib
0x0000000107f70000 	/Library/Java/JavaVirtualMachines/jdk1.8.0_31.jdk/Contents/Home/jre/lib/libjava.dylib
0x0000000107fa9000 	/Library/Java/JavaVirtualMachines/jdk1.8.0_31.jdk/Contents/Home/jre/lib/libjdwp.dylib
0x0000000107ff4000 	/Library/Java/JavaVirtualMachines/jdk1.8.0_31.jdk/Contents/Home/jre/lib/libnpt.dylib
0x0000000108808000 	/Library/Java/JavaVirtualMachines/jdk1.8.0_31.jdk/Contents/Home/jre/lib/libzip.dylib
0x0000000122c44000 	/System/Library/Frameworks/JavaVM.framework/Frameworks/JavaRuntimeSupport.framework/JavaRuntimeSupport
0x0000000122c5f000 	/System/Library/Frameworks/JavaVM.framework/Versions/A/Frameworks/JavaNativeFoundation.framework/Versions/A/JavaNativeFoundation
0x0000000122c74000 	/System/Library/Frameworks/JavaVM.framework/Versions/A/JavaVM
0x00000000026d2000 	/System/Library/Frameworks/Carbon.framework/Versions/A/Carbon
0x0000000122c81000 	/System/Library/PrivateFrameworks/JavaLaunching.framework/Versions/A/JavaLaunching
0x00000000026d2000 	/System/Library/Frameworks/Carbon.framework/Versions/A/Frameworks/CommonPanels.framework/Versions/A/CommonPanels
0x00000000026d2000 	/System/Library/Frameworks/Carbon.framework/Versions/A/Frameworks/Help.framework/Versions/A/Help
0x00000000026d2000 	/System/Library/Frameworks/Carbon.framework/Versions/A/Frameworks/ImageCapture.framework/Versions/A/ImageCapture
0x00000000026d2000 	/System/Library/Frameworks/Carbon.framework/Versions/A/Frameworks/OpenScripting.framework/Versions/A/OpenScripting
0x00000000026d2000 	/System/Library/Frameworks/Carbon.framework/Versions/A/Frameworks/Print.framework/Versions/A/Print
0x00000000026d2000 	/System/Library/Frameworks/Carbon.framework/Versions/A/Frameworks/SecurityHI.framework/Versions/A/SecurityHI
0x00000001245a3000 	/Library/Java/JavaVirtualMachines/jdk1.8.0_31.jdk/Contents/Home/jre/lib/libdt_socket.dylib

VM Arguments:
jvm_args: -agentlib:jdwp=transport=dt_socket,address=127.0.0.1:51180,suspend=y,server=n -Dfile.encoding=UTF-8 
java_command: utils.TestParameterUtils
java_class_path (initial): /Library/Java/JavaVirtualMachines/jdk1.8.0_31.jdk/Contents/Home/lib/ant-javafx.jar:/Library/Java/JavaVirtualMachines/jdk1.8.0_31.jdk/Contents/Home/lib/dt.jar:/Library/Java/JavaVirtualMachines/jdk1.8.0_31.jdk/Contents/Home/lib/javafx-mx.jar:/Library/Java/JavaVirtualMachines/jdk1.8.0_31.jdk/Contents/Home/lib/jconsole.jar:/Library/Java/JavaVirtualMachines/jdk1.8.0_31.jdk/Contents/Home/lib/sa-jdi.jar:/Library/Java/JavaVirtualMachines/jdk1.8.0_31.jdk/Contents/Home/lib/tools.jar:/Library/Java/JavaVirtualMachines/jdk1.8.0_31.jdk/Contents/Home/jre/lib/charsets.jar:/Library/Java/JavaVirtualMachines/jdk1.8.0_31.jdk/Contents/Home/jre/lib/deploy.jar:/Library/Java/JavaVirtualMachines/jdk1.8.0_31.jdk/Contents/Home/jre/lib/javaws.jar:/Library/Java/JavaVirtualMachines/jdk1.8.0_31.jdk/Contents/Home/jre/lib/jce.jar:/Library/Java/JavaVirtualMachines/jdk1.8.0_31.jdk/Contents/Home/jre/lib/jfr.jar:/Library/Java/JavaVirtualMachines/jdk1.8.0_31.jdk/Contents/Home/jre/lib/jfxswt.jar:/Library/Java/JavaVirtualMachines/jdk1.8.0_31.jdk/Contents/Home/jre/lib/jsse.jar:/Library/Java/JavaVirtualMachines/jdk1.8.0_31.jdk/Contents/Home/jre/lib/management-agent.jar:/Library/Java/JavaVirtualMachines/jdk1.8.0_31.jdk/Contents/Home/jre/lib/plugin.jar:/Library/Java/JavaVirtualMachines/jdk1.8.0_31.jdk/Contents/Home/jre/lib/resources.jar:/Library/Java/JavaVirtualMachines/jdk1.8.0_31.jdk/Contents/Home/jre/lib/rt.jar:/Library/Java/JavaVirtualMachines/jdk1.8.0_31.jdk/Contents/Home/jre/lib/ext/cldrdata.jar:/Library/Java/JavaVirtualMachines/jdk1.8.0_31.jdk/Contents/Home/jre/lib/ext/dnsns.jar:/Library/Java/JavaVirtualMachines/jdk1.8.0_31.jdk/Contents/Home/jre/lib/ext/jfxrt.jar:/Library/Java/JavaVirtualMachines/jdk1.8.0_31.jdk/Contents/Home/jre/lib/ext/localedata.jar:/Library/Java/JavaVirtualMachines/jdk1.8.0_31.jdk/Contents/Home/jre/lib/ext/nashorn.jar:/Library/Java/JavaVirtualMachines/jdk1.8.0_31.jdk/Contents/Home/jre/lib/ext/sunec.jar:/Library/Java/JavaVirtualMachines/jdk1.8.0_31.jdk/C
Launcher Type: SUN_STANDARD

Environment Variables:
PATH=/Users/marcosmr/.rbenv/shims:/usr/local/bin:/usr/bin:/bin:/usr/sbin:/sbin:/usr/local/Cellar/fourstore-ncbo/HEAD/bin
SHELL=/bin/zsh
DISPLAY=/private/tmp/com.apple.launchd.GbgvJGnKo2/org.macosforge.xquartz:0

Signal Handlers:
SIGSEGV: [libjvm.dylib+0x57a0e7], sa_mask[0]=11111111011111110111111111111111, sa_flags=SA_ONSTACK|SA_RESTART|SA_SIGINFO
SIGBUS: [libjvm.dylib+0x57a0e7], sa_mask[0]=11111111011111110111111111111111, sa_flags=SA_RESTART|SA_SIGINFO
SIGFPE: [libjvm.dylib+0x45af24], sa_mask[0]=11111111011111110111111111111111, sa_flags=SA_RESTART|SA_SIGINFO
SIGPIPE: [libjvm.dylib+0x45af24], sa_mask[0]=11111111011111110111111111111111, sa_flags=SA_RESTART|SA_SIGINFO
SIGXFSZ: [libjvm.dylib+0x45af24], sa_mask[0]=11111111011111110111111111111111, sa_flags=SA_RESTART|SA_SIGINFO
SIGILL: [libjvm.dylib+0x45af24], sa_mask[0]=11111111011111110111111111111111, sa_flags=SA_RESTART|SA_SIGINFO
SIGUSR1: SIG_DFL, sa_mask[0]=00000000000000000000000000000000, sa_flags=none
SIGUSR2: [libjvm.dylib+0x45aa42], sa_mask[0]=00100000000000000000000000000000, sa_flags=SA_RESTART|SA_SIGINFO
SIGHUP: [libjvm.dylib+0x459015], sa_mask[0]=11111111011111110111111111111111, sa_flags=SA_RESTART|SA_SIGINFO
SIGINT: [libjvm.dylib+0x459015], sa_mask[0]=11111111011111110111111111111111, sa_flags=SA_RESTART|SA_SIGINFO
SIGTERM: [libjvm.dylib+0x459015], sa_mask[0]=11111111011111110111111111111111, sa_flags=SA_RESTART|SA_SIGINFO
SIGQUIT: [libjvm.dylib+0x459015], sa_mask[0]=11111111011111110111111111111111, sa_flags=SA_RESTART|SA_SIGINFO


---------------  S Y S T E M  ---------------

OS:Bsduname:Darwin 15.4.0 Darwin Kernel Version 15.4.0: Fri Feb 26 22:08:05 PST 2016; root:xnu-3248.40.184~3/RELEASE_X86_64 x86_64
rlimit: STACK 8192k, CORE 0k, NPROC 709, NOFILE 10240, AS infinity
load average:5.43 4.79 4.38

CPU:total 4 (2 cores per cpu, 2 threads per core) family 6 model 69 stepping 1, cmov, cx8, fxsr, mmx, sse, sse2, sse3, ssse3, sse4.1, sse4.2, popcnt, avx, avx2, aes, clmul, erms, lzcnt, ht, tsc, tscinvbit, bmi1, bmi2

Memory: 4k page, physical 16777216k(386184k free)

/proc/meminfo:


vm_info: Java HotSpot(TM) 64-Bit Server VM (25.31-b07) for bsd-amd64 JRE (1.8.0_31-b13), built on Dec 17 2014 20:45:36 by "java_re" with gcc 4.2.1 (Based on Apple Inc. build 5658) (LLVM build 2336.11.00)

time: Fri Aug 12 18:22:50 2016
elapsed time: 712 seconds (0d 0h 11m 52s)

